>>> make pytest
  ● Executing pytest in collection..
============================= test session starts ==============================
platform linux -- Python 3.12.14, pytest-9.1.1, pluggy-1.6.0 -- /home/runner/work/ansible-domain/ansible-domain/main/.venv-package/bin/python3
cachedir: .pytest_cache
Using --randomly-seed=3064982417
ansible: 2.21.3
rootdir: /home/runner/work/ansible-domain/ansible-domain/main
configfile: setup.cfg
plugins: randomly-4.1.0, ansible-26.8.0, cov-7.1.0, mypy-1.0.1, clarity-1.0.1, sphinx-0.7.1, xdist-3.8.0
created: 4/4 workers
4 workers [1 item]

scheduling tests via LoadScheduling

collection/tests/integration/test_default.py::test_default[collection-overview] 
[gw0] [100%] PASSED collection/tests/integration/test_default.py::test_default[collection-overview] 

=============================== warnings summary ===============================
.venv-package/lib/python3.12/site-packages/pytest_ansible/plugin.py:432
.venv-package/lib/python3.12/site-packages/pytest_ansible/plugin.py:432
.venv-package/lib/python3.12/site-packages/pytest_ansible/plugin.py:432
.venv-package/lib/python3.12/site-packages/pytest_ansible/plugin.py:432
  /home/runner/work/ansible-domain/ansible-domain/main/.venv-package/lib/python3.12/site-packages/pytest_ansible/plugin.py:432: DeprecationWarning: Running Molecule scenarios via pytest-ansible is deprecated and will be removed in a future release. Use the Molecule CLI instead (`molecule test --all`, optionally with `--workers` when using shared_state). For collections, prefer tox-ansible's molecule test type. See the pytest-ansible documentation for migration details.
    warn_molecule_deprecated()

-- Docs: https://docs.pytest.org/en/stable/how-to/capture-warnings.html
================================ tests coverage ================================
_______________ coverage: platform linux, python 3.12.14-final-0 _______________

Name                                           Stmts   Miss  Cover
------------------------------------------------------------------
collection/__init__.py                             0      0   100%
collection/plugins/__init__.py                     0      0   100%
collection/plugins/action/__init__.py              0      0   100%
collection/plugins/action/named/__init__.py        0      0   100%
collection/plugins/action/named/horizon.py        12      0   100%
collection/plugins/action/named/params.py         15      0   100%
collection/plugins/action/named/zone.py            8      0   100%
collection/tests/__init__.py                       0      0   100%
collection/tests/integration/__init__.py           2      0   100%
collection/tests/integration/test_default.py      15      0   100%
------------------------------------------------------------------
TOTAL                                             52      0   100%
======================== 1 passed, 4 warnings in 49.18s ========================
    DONE
  ● Write coveragepy output to htmlcov..
    DONE
  ● Write coveragepy output to coverage.json..
    DONE
